2021/09/12 15:13:02 [error] 1899#1899: *630 FastCGI sent in stderr: "PHP message: PHP Warning:  Use of undefined constant DB_USER - assumed 'DB_USER' (this will throw an Error in a future version of PHP) in /var/www/html/custom-schoollink-oslo-eftk-frontend/wordpress/wp-includes/load.php on line 404
PHP message: PHP Stack trace:
PHP message: PHP   1. {main}() /var/www/html/custom-schoollink-oslo-eftk-frontend/wordpress/wp-admin/setup-config.php:0
PHP message: PHP   2. require() /var/www/html/custom-schoollink-oslo-eftk-frontend/wordpress/wp-admin/setup-config.php:33
PHP message: PHP   3. require_wp_db() /var/www/html/custom-schoollink-oslo-eftk-frontend/wordpress/wp-settings.php:106
PHP message: PHP Warning:  Use of undefined constant DB_PASSWORD - assumed 'DB_PASSWORD' (this will throw an Error in a future version of PHP) in /var/www/html/custom-schoollink-oslo-eftk-frontend/wordpress/wp-includes/load.php on line 404
PHP message: PHP Stack trace:
PHP message: PHP   1. {main}() /var/www/html/custom-schoollink-oslo-eftk-frontend/wordpress/wp-admin/setup-config.php:0
PHP message: PHP   2. require() /var/www/html/custom-schoollink-oslo-eftk-frontend/wordpress/wp-admin/setup-config.php:33
PHP message: PHP   3. require_wp_db() /var/www/html/custom-schoollink-oslo-eftk-frontend/wordpress/wp-settings.php:106
PHP message: PHP Warning:  Use of undefined constant DB_NAME - assumed 'DB_NAME' (this will throw an Error in a future version of PHP) in /var/www/html/custom-schoollink-oslo-eftk-frontend/wordpress/wp-includes/load.php on line 404
PHP message: PHP Stack trace:
PHP message: PHP   1. {main}() /var/www/html/custom-schoollink-oslo-eftk-frontend/wordpress/wp-admin/setup-config.php:0
PHP message: PHP   2. require() /var/www/html/custom-schoollink-oslo-eftk-frontend/wordpress/wp-admin/setup-config.php:33
PHP message: PHP   3. require_wp_db() /var/www/html/custom-schoollink-oslo-eftk-frontend/wordpress/wp-settings.php:106
PHP message: PHP Warning:  Use of undefined constant DB_HOST - assumed 'DB_HOST' (this will throw an 
2021/09/12 15:13:07 [error] 1900#1900: *636 FastCGI sent in stderr: "PHP message: PHP Warning:  Use of undefined constant DB_USER - assumed 'DB_USER' (this will throw an Error in a future version of PHP) in /var/www/html/custom-schoollink-oslo-eftk-frontend/wordpress/wp-includes/load.php on line 404
PHP message: PHP Stack trace:
PHP message: PHP   1. {main}() /var/www/html/custom-schoollink-oslo-eftk-frontend/wordpress/wp-admin/setup-config.php:0
PHP message: PHP   2. require() /var/www/html/custom-schoollink-oslo-eftk-frontend/wordpress/wp-admin/setup-config.php:33
PHP message: PHP   3. require_wp_db() /var/www/html/custom-schoollink-oslo-eftk-frontend/wordpress/wp-settings.php:106
PHP message: PHP Warning:  Use of undefined constant DB_PASSWORD - assumed 'DB_PASSWORD' (this will throw an Error in a future version of PHP) in /var/www/html/custom-schoollink-oslo-eftk-frontend/wordpress/wp-includes/load.php on line 404
PHP message: PHP Stack trace:
PHP message: PHP   1. {main}() /var/www/html/custom-schoollink-oslo-eftk-frontend/wordpress/wp-admin/setup-config.php:0
PHP message: PHP   2. require() /var/www/html/custom-schoollink-oslo-eftk-frontend/wordpress/wp-admin/setup-config.php:33
PHP message: PHP   3. require_wp_db() /var/www/html/custom-schoollink-oslo-eftk-frontend/wordpress/wp-settings.php:106
PHP message: PHP Warning:  Use of undefined constant DB_NAME - assumed 'DB_NAME' (this will throw an Error in a future version of PHP) in /var/www/html/custom-schoollink-oslo-eftk-frontend/wordpress/wp-includes/load.php on line 404
PHP message: PHP Stack trace:
PHP message: PHP   1. {main}() /var/www/html/custom-schoollink-oslo-eftk-frontend/wordpress/wp-admin/setup-config.php:0
PHP message: PHP   2. require() /var/www/html/custom-schoollink-oslo-eftk-frontend/wordpress/wp-admin/setup-config.php:33
PHP message: PHP   3. require_wp_db() /var/www/html/custom-schoollink-oslo-eftk-frontend/wordpress/wp-settings.php:106
PHP message: PHP Warning:  Use of undefined constant DB_HOST - assumed 'DB_HOST' (this will throw an 
2021/09/12 15:13:23 [error] 1900#1900: *636 FastCGI sent in stderr: "PHP message: PHP Warning:  Use of undefined constant DB_USER - assumed 'DB_USER' (this will throw an Error in a future version of PHP) in /var/www/html/custom-schoollink-oslo-eftk-frontend/wordpress/wp-includes/load.php on line 404
PHP message: PHP Stack trace:
PHP message: PHP   1. {main}() /var/www/html/custom-schoollink-oslo-eftk-frontend/wordpress/wp-admin/setup-config.php:0
PHP message: PHP   2. require() /var/www/html/custom-schoollink-oslo-eftk-frontend/wordpress/wp-admin/setup-config.php:33
PHP message: PHP   3. require_wp_db() /var/www/html/custom-schoollink-oslo-eftk-frontend/wordpress/wp-settings.php:106
PHP message: PHP Warning:  Use of undefined constant DB_PASSWORD - assumed 'DB_PASSWORD' (this will throw an Error in a future version of PHP) in /var/www/html/custom-schoollink-oslo-eftk-frontend/wordpress/wp-includes/load.php on line 404
PHP message: PHP Stack trace:
PHP message: PHP   1. {main}() /var/www/html/custom-schoollink-oslo-eftk-frontend/wordpress/wp-admin/setup-config.php:0
PHP message: PHP   2. require() /var/www/html/custom-schoollink-oslo-eftk-frontend/wordpress/wp-admin/setup-config.php:33
PHP message: PHP   3. require_wp_db() /var/www/html/custom-schoollink-oslo-eftk-frontend/wordpress/wp-settings.php:106
PHP message: PHP Warning:  Use of undefined constant DB_NAME - assumed 'DB_NAME' (this will throw an Error in a future version of PHP) in /var/www/html/custom-schoollink-oslo-eftk-frontend/wordpress/wp-includes/load.php on line 404
PHP message: PHP Stack trace:
PHP message: PHP   1. {main}() /var/www/html/custom-schoollink-oslo-eftk-frontend/wordpress/wp-admin/setup-config.php:0
PHP message: PHP   2. require() /var/www/html/custom-schoollink-oslo-eftk-frontend/wordpress/wp-admin/setup-config.php:33
PHP message: PHP   3. require_wp_db() /var/www/html/custom-schoollink-oslo-eftk-frontend/wordpress/wp-settings.php:106
PHP message: PHP Warning:  Use of undefined constant DB_HOST - assumed 'DB_HOST' (this will throw an 
2021/09/12 15:13:25 [error] 1900#1900: *636 FastCGI sent in stderr: "PHP message: PHP Warning:  Use of undefined constant DB_USER - assumed 'DB_USER' (this will throw an Error in a future version of PHP) in /var/www/html/custom-schoollink-oslo-eftk-frontend/wordpress/wp-includes/load.php on line 404
PHP message: PHP Stack trace:
PHP message: PHP   1. {main}() /var/www/html/custom-schoollink-oslo-eftk-frontend/wordpress/wp-admin/setup-config.php:0
PHP message: PHP   2. require() /var/www/html/custom-schoollink-oslo-eftk-frontend/wordpress/wp-admin/setup-config.php:33
PHP message: PHP   3. require_wp_db() /var/www/html/custom-schoollink-oslo-eftk-frontend/wordpress/wp-settings.php:106
PHP message: PHP Warning:  Use of undefined constant DB_PASSWORD - assumed 'DB_PASSWORD' (this will throw an Error in a future version of PHP) in /var/www/html/custom-schoollink-oslo-eftk-frontend/wordpress/wp-includes/load.php on line 404
PHP message: PHP Stack trace:
PHP message: PHP   1. {main}() /var/www/html/custom-schoollink-oslo-eftk-frontend/wordpress/wp-admin/setup-config.php:0
PHP message: PHP   2. require() /var/www/html/custom-schoollink-oslo-eftk-frontend/wordpress/wp-admin/setup-config.php:33
PHP message: PHP   3. require_wp_db() /var/www/html/custom-schoollink-oslo-eftk-frontend/wordpress/wp-settings.php:106
PHP message: PHP Warning:  Use of undefined constant DB_NAME - assumed 'DB_NAME' (this will throw an Error in a future version of PHP) in /var/www/html/custom-schoollink-oslo-eftk-frontend/wordpress/wp-includes/load.php on line 404
PHP message: PHP Stack trace:
PHP message: PHP   1. {main}() /var/www/html/custom-schoollink-oslo-eftk-frontend/wordpress/wp-admin/setup-config.php:0
PHP message: PHP   2. require() /var/www/html/custom-schoollink-oslo-eftk-frontend/wordpress/wp-admin/setup-config.php:33
PHP message: PHP   3. require_wp_db() /var/www/html/custom-schoollink-oslo-eftk-frontend/wordpress/wp-settings.php:106
PHP message: PHP Warning:  Use of undefined constant DB_HOST - assumed 'DB_HOST' (this will throw an 
2021/09/12 15:13:58 [error] 1900#1900: *636 FastCGI sent in stderr: "PHP message: PHP Warning:  Use of undefined constant DB_USER - assumed 'DB_USER' (this will throw an Error in a future version of PHP) in /var/www/html/custom-schoollink-oslo-eftk-frontend/wordpress/wp-includes/load.php on line 404
PHP message: PHP Stack trace:
PHP message: PHP   1. {main}() /var/www/html/custom-schoollink-oslo-eftk-frontend/wordpress/wp-admin/setup-config.php:0
PHP message: PHP   2. require() /var/www/html/custom-schoollink-oslo-eftk-frontend/wordpress/wp-admin/setup-config.php:33
PHP message: PHP   3. require_wp_db() /var/www/html/custom-schoollink-oslo-eftk-frontend/wordpress/wp-settings.php:106
PHP message: PHP Warning:  Use of undefined constant DB_PASSWORD - assumed 'DB_PASSWORD' (this will throw an Error in a future version of PHP) in /var/www/html/custom-schoollink-oslo-eftk-frontend/wordpress/wp-includes/load.php on line 404
PHP message: PHP Stack trace:
PHP message: PHP   1. {main}() /var/www/html/custom-schoollink-oslo-eftk-frontend/wordpress/wp-admin/setup-config.php:0
PHP message: PHP   2. require() /var/www/html/custom-schoollink-oslo-eftk-frontend/wordpress/wp-admin/setup-config.php:33
PHP message: PHP   3. require_wp_db() /var/www/html/custom-schoollink-oslo-eftk-frontend/wordpress/wp-settings.php:106
PHP message: PHP Warning:  Use of undefined constant DB_NAME - assumed 'DB_NAME' (this will throw an Error in a future version of PHP) in /var/www/html/custom-schoollink-oslo-eftk-frontend/wordpress/wp-includes/load.php on line 404
PHP message: PHP Stack trace:
PHP message: PHP   1. {main}() /var/www/html/custom-schoollink-oslo-eftk-frontend/wordpress/wp-admin/setup-config.php:0
PHP message: PHP   2. require() /var/www/html/custom-schoollink-oslo-eftk-frontend/wordpress/wp-admin/setup-config.php:33
PHP message: PHP   3. require_wp_db() /var/www/html/custom-schoollink-oslo-eftk-frontend/wordpress/wp-settings.php:106
PHP message: PHP Warning:  Use of undefined constant DB_HOST - assumed 'DB_HOST' (this will throw an 
2021/09/12 15:14:00 [error] 1900#1900: *636 FastCGI sent in stderr: "PHP message: PHP Warning:  Use of undefined constant DB_USER - assumed 'DB_USER' (this will throw an Error in a future version of PHP) in /var/www/html/custom-schoollink-oslo-eftk-frontend/wordpress/wp-includes/load.php on line 404
PHP message: PHP Stack trace:
PHP message: PHP   1. {main}() /var/www/html/custom-schoollink-oslo-eftk-frontend/wordpress/wp-admin/setup-config.php:0
PHP message: PHP   2. require() /var/www/html/custom-schoollink-oslo-eftk-frontend/wordpress/wp-admin/setup-config.php:33
PHP message: PHP   3. require_wp_db() /var/www/html/custom-schoollink-oslo-eftk-frontend/wordpress/wp-settings.php:106
PHP message: PHP Warning:  Use of undefined constant DB_PASSWORD - assumed 'DB_PASSWORD' (this will throw an Error in a future version of PHP) in /var/www/html/custom-schoollink-oslo-eftk-frontend/wordpress/wp-includes/load.php on line 404
PHP message: PHP Stack trace:
PHP message: PHP   1. {main}() /var/www/html/custom-schoollink-oslo-eftk-frontend/wordpress/wp-admin/setup-config.php:0
PHP message: PHP   2. require() /var/www/html/custom-schoollink-oslo-eftk-frontend/wordpress/wp-admin/setup-config.php:33
PHP message: PHP   3. require_wp_db() /var/www/html/custom-schoollink-oslo-eftk-frontend/wordpress/wp-settings.php:106
PHP message: PHP Warning:  Use of undefined constant DB_NAME - assumed 'DB_NAME' (this will throw an Error in a future version of PHP) in /var/www/html/custom-schoollink-oslo-eftk-frontend/wordpress/wp-includes/load.php on line 404
PHP message: PHP Stack trace:
PHP message: PHP   1. {main}() /var/www/html/custom-schoollink-oslo-eftk-frontend/wordpress/wp-admin/setup-config.php:0
PHP message: PHP   2. require() /var/www/html/custom-schoollink-oslo-eftk-frontend/wordpress/wp-admin/setup-config.php:33
PHP message: PHP   3. require_wp_db() /var/www/html/custom-schoollink-oslo-eftk-frontend/wordpress/wp-settings.php:106
PHP message: PHP Warning:  Use of undefined constant DB_HOST - assumed 'DB_HOST' (this will throw an 
2021/09/12 15:14:26 [error] 1900#1900: *636 FastCGI sent in stderr: "PHP message: PHP Warning:  Use of undefined constant DB_USER - assumed 'DB_USER' (this will throw an Error in a future version of PHP) in /var/www/html/custom-schoollink-oslo-eftk-frontend/wordpress/wp-includes/load.php on line 404
PHP message: PHP Stack trace:
PHP message: PHP   1. {main}() /var/www/html/custom-schoollink-oslo-eftk-frontend/wordpress/wp-admin/setup-config.php:0
PHP message: PHP   2. require() /var/www/html/custom-schoollink-oslo-eftk-frontend/wordpress/wp-admin/setup-config.php:33
PHP message: PHP   3. require_wp_db() /var/www/html/custom-schoollink-oslo-eftk-frontend/wordpress/wp-settings.php:106
PHP message: PHP Warning:  Use of undefined constant DB_PASSWORD - assumed 'DB_PASSWORD' (this will throw an Error in a future version of PHP) in /var/www/html/custom-schoollink-oslo-eftk-frontend/wordpress/wp-includes/load.php on line 404
PHP message: PHP Stack trace:
PHP message: PHP   1. {main}() /var/www/html/custom-schoollink-oslo-eftk-frontend/wordpress/wp-admin/setup-config.php:0
PHP message: PHP   2. require() /var/www/html/custom-schoollink-oslo-eftk-frontend/wordpress/wp-admin/setup-config.php:33
PHP message: PHP   3. require_wp_db() /var/www/html/custom-schoollink-oslo-eftk-frontend/wordpress/wp-settings.php:106
PHP message: PHP Warning:  Use of undefined constant DB_NAME - assumed 'DB_NAME' (this will throw an Error in a future version of PHP) in /var/www/html/custom-schoollink-oslo-eftk-frontend/wordpress/wp-includes/load.php on line 404
PHP message: PHP Stack trace:
PHP message: PHP   1. {main}() /var/www/html/custom-schoollink-oslo-eftk-frontend/wordpress/wp-admin/setup-config.php:0
PHP message: PHP   2. require() /var/www/html/custom-schoollink-oslo-eftk-frontend/wordpress/wp-admin/setup-config.php:33
PHP message: PHP   3. require_wp_db() /var/www/html/custom-schoollink-oslo-eftk-frontend/wordpress/wp-settings.php:106
PHP message: PHP Warning:  Use of undefined constant DB_HOST - assumed 'DB_HOST' (this will throw an 
2021/09/12 15:14:28 [error] 1900#1900: *636 FastCGI sent in stderr: "PHP message: PHP Warning:  Use of undefined constant DB_USER - assumed 'DB_USER' (this will throw an Error in a future version of PHP) in /var/www/html/custom-schoollink-oslo-eftk-frontend/wordpress/wp-includes/load.php on line 404
PHP message: PHP Stack trace:
PHP message: PHP   1. {main}() /var/www/html/custom-schoollink-oslo-eftk-frontend/wordpress/wp-admin/setup-config.php:0
PHP message: PHP   2. require() /var/www/html/custom-schoollink-oslo-eftk-frontend/wordpress/wp-admin/setup-config.php:33
PHP message: PHP   3. require_wp_db() /var/www/html/custom-schoollink-oslo-eftk-frontend/wordpress/wp-settings.php:106
PHP message: PHP Warning:  Use of undefined constant DB_PASSWORD - assumed 'DB_PASSWORD' (this will throw an Error in a future version of PHP) in /var/www/html/custom-schoollink-oslo-eftk-frontend/wordpress/wp-includes/load.php on line 404
PHP message: PHP Stack trace:
PHP message: PHP   1. {main}() /var/www/html/custom-schoollink-oslo-eftk-frontend/wordpress/wp-admin/setup-config.php:0
PHP message: PHP   2. require() /var/www/html/custom-schoollink-oslo-eftk-frontend/wordpress/wp-admin/setup-config.php:33
PHP message: PHP   3. require_wp_db() /var/www/html/custom-schoollink-oslo-eftk-frontend/wordpress/wp-settings.php:106
PHP message: PHP Warning:  Use of undefined constant DB_NAME - assumed 'DB_NAME' (this will throw an Error in a future version of PHP) in /var/www/html/custom-schoollink-oslo-eftk-frontend/wordpress/wp-includes/load.php on line 404
PHP message: PHP Stack trace:
PHP message: PHP   1. {main}() /var/www/html/custom-schoollink-oslo-eftk-frontend/wordpress/wp-admin/setup-config.php:0
PHP message: PHP   2. require() /var/www/html/custom-schoollink-oslo-eftk-frontend/wordpress/wp-admin/setup-config.php:33
PHP message: PHP   3. require_wp_db() /var/www/html/custom-schoollink-oslo-eftk-frontend/wordpress/wp-settings.php:106
PHP message: PHP Warning:  Use of undefined constant DB_HOST - assumed 'DB_HOST' (this will throw an 
2021/09/12 15:14:31 [error] 1900#1900: *636 FastCGI sent in stderr: "PHP message: PHP Warning:  Use of undefined constant DB_USER - assumed 'DB_USER' (this will throw an Error in a future version of PHP) in /var/www/html/custom-schoollink-oslo-eftk-frontend/wordpress/wp-includes/load.php on line 404
PHP message: PHP Stack trace:
PHP message: PHP   1. {main}() /var/www/html/custom-schoollink-oslo-eftk-frontend/wordpress/wp-admin/setup-config.php:0
PHP message: PHP   2. require() /var/www/html/custom-schoollink-oslo-eftk-frontend/wordpress/wp-admin/setup-config.php:33
PHP message: PHP   3. require_wp_db() /var/www/html/custom-schoollink-oslo-eftk-frontend/wordpress/wp-settings.php:106
PHP message: PHP Warning:  Use of undefined constant DB_PASSWORD - assumed 'DB_PASSWORD' (this will throw an Error in a future version of PHP) in /var/www/html/custom-schoollink-oslo-eftk-frontend/wordpress/wp-includes/load.php on line 404
PHP message: PHP Stack trace:
PHP message: PHP   1. {main}() /var/www/html/custom-schoollink-oslo-eftk-frontend/wordpress/wp-admin/setup-config.php:0
PHP message: PHP   2. require() /var/www/html/custom-schoollink-oslo-eftk-frontend/wordpress/wp-admin/setup-config.php:33
PHP message: PHP   3. require_wp_db() /var/www/html/custom-schoollink-oslo-eftk-frontend/wordpress/wp-settings.php:106
PHP message: PHP Warning:  Use of undefined constant DB_NAME - assumed 'DB_NAME' (this will throw an Error in a future version of PHP) in /var/www/html/custom-schoollink-oslo-eftk-frontend/wordpress/wp-includes/load.php on line 404
PHP message: PHP Stack trace:
PHP message: PHP   1. {main}() /var/www/html/custom-schoollink-oslo-eftk-frontend/wordpress/wp-admin/setup-config.php:0
PHP message: PHP   2. require() /var/www/html/custom-schoollink-oslo-eftk-frontend/wordpress/wp-admin/setup-config.php:33
PHP message: PHP   3. require_wp_db() /var/www/html/custom-schoollink-oslo-eftk-frontend/wordpress/wp-settings.php:106
PHP message: PHP Warning:  Use of undefined constant DB_HOST - assumed 'DB_HOST' (this will throw an 
2021/09/12 15:14:36 [error] 1900#1900: *636 FastCGI sent in stderr: "PHP message: PHP Warning:  Use of undefined constant DB_USER - assumed 'DB_USER' (this will throw an Error in a future version of PHP) in /var/www/html/custom-schoollink-oslo-eftk-frontend/wordpress/wp-includes/load.php on line 404
PHP message: PHP Stack trace:
PHP message: PHP   1. {main}() /var/www/html/custom-schoollink-oslo-eftk-frontend/wordpress/wp-admin/setup-config.php:0
PHP message: PHP   2. require() /var/www/html/custom-schoollink-oslo-eftk-frontend/wordpress/wp-admin/setup-config.php:33
PHP message: PHP   3. require_wp_db() /var/www/html/custom-schoollink-oslo-eftk-frontend/wordpress/wp-settings.php:106
PHP message: PHP Warning:  Use of undefined constant DB_PASSWORD - assumed 'DB_PASSWORD' (this will throw an Error in a future version of PHP) in /var/www/html/custom-schoollink-oslo-eftk-frontend/wordpress/wp-includes/load.php on line 404
PHP message: PHP Stack trace:
PHP message: PHP   1. {main}() /var/www/html/custom-schoollink-oslo-eftk-frontend/wordpress/wp-admin/setup-config.php:0
PHP message: PHP   2. require() /var/www/html/custom-schoollink-oslo-eftk-frontend/wordpress/wp-admin/setup-config.php:33
PHP message: PHP   3. require_wp_db() /var/www/html/custom-schoollink-oslo-eftk-frontend/wordpress/wp-settings.php:106
PHP message: PHP Warning:  Use of undefined constant DB_NAME - assumed 'DB_NAME' (this will throw an Error in a future version of PHP) in /var/www/html/custom-schoollink-oslo-eftk-frontend/wordpress/wp-includes/load.php on line 404
PHP message: PHP Stack trace:
PHP message: PHP   1. {main}() /var/www/html/custom-schoollink-oslo-eftk-frontend/wordpress/wp-admin/setup-config.php:0
PHP message: PHP   2. require() /var/www/html/custom-schoollink-oslo-eftk-frontend/wordpress/wp-admin/setup-config.php:33
PHP message: PHP   3. require_wp_db() /var/www/html/custom-schoollink-oslo-eftk-frontend/wordpress/wp-settings.php:106
PHP message: PHP Warning:  Use of undefined constant DB_HOST - assumed 'DB_HOST' (this will throw an 
2021/09/12 15:14:44 [error] 1900#1900: *636 FastCGI sent in stderr: "PHP message: PHP Warning:  Use of undefined constant DB_USER - assumed 'DB_USER' (this will throw an Error in a future version of PHP) in /var/www/html/custom-schoollink-oslo-eftk-frontend/wordpress/wp-includes/load.php on line 404
PHP message: PHP Stack trace:
PHP message: PHP   1. {main}() /var/www/html/custom-schoollink-oslo-eftk-frontend/wordpress/wp-admin/setup-config.php:0
PHP message: PHP   2. require() /var/www/html/custom-schoollink-oslo-eftk-frontend/wordpress/wp-admin/setup-config.php:33
PHP message: PHP   3. require_wp_db() /var/www/html/custom-schoollink-oslo-eftk-frontend/wordpress/wp-settings.php:106
PHP message: PHP Warning:  Use of undefined constant DB_PASSWORD - assumed 'DB_PASSWORD' (this will throw an Error in a future version of PHP) in /var/www/html/custom-schoollink-oslo-eftk-frontend/wordpress/wp-includes/load.php on line 404
PHP message: PHP Stack trace:
PHP message: PHP   1. {main}() /var/www/html/custom-schoollink-oslo-eftk-frontend/wordpress/wp-admin/setup-config.php:0
PHP message: PHP   2. require() /var/www/html/custom-schoollink-oslo-eftk-frontend/wordpress/wp-admin/setup-config.php:33
PHP message: PHP   3. require_wp_db() /var/www/html/custom-schoollink-oslo-eftk-frontend/wordpress/wp-settings.php:106
PHP message: PHP Warning:  Use of undefined constant DB_NAME - assumed 'DB_NAME' (this will throw an Error in a future version of PHP) in /var/www/html/custom-schoollink-oslo-eftk-frontend/wordpress/wp-includes/load.php on line 404
PHP message: PHP Stack trace:
PHP message: PHP   1. {main}() /var/www/html/custom-schoollink-oslo-eftk-frontend/wordpress/wp-admin/setup-config.php:0
PHP message: PHP   2. require() /var/www/html/custom-schoollink-oslo-eftk-frontend/wordpress/wp-admin/setup-config.php:33
PHP message: PHP   3. require_wp_db() /var/www/html/custom-schoollink-oslo-eftk-frontend/wordpress/wp-settings.php:106
PHP message: PHP Warning:  Use of undefined constant DB_HOST - assumed 'DB_HOST' (this will throw an 
2021/09/12 15:14:45 [error] 1900#1900: *636 FastCGI sent in stderr: "PHP message: PHP Warning:  Use of undefined constant DB_USER - assumed 'DB_USER' (this will throw an Error in a future version of PHP) in /var/www/html/custom-schoollink-oslo-eftk-frontend/wordpress/wp-includes/load.php on line 404
PHP message: PHP Stack trace:
PHP message: PHP   1. {main}() /var/www/html/custom-schoollink-oslo-eftk-frontend/wordpress/wp-admin/setup-config.php:0
PHP message: PHP   2. require() /var/www/html/custom-schoollink-oslo-eftk-frontend/wordpress/wp-admin/setup-config.php:33
PHP message: PHP   3. require_wp_db() /var/www/html/custom-schoollink-oslo-eftk-frontend/wordpress/wp-settings.php:106
PHP message: PHP Warning:  Use of undefined constant DB_PASSWORD - assumed 'DB_PASSWORD' (this will throw an Error in a future version of PHP) in /var/www/html/custom-schoollink-oslo-eftk-frontend/wordpress/wp-includes/load.php on line 404
PHP message: PHP Stack trace:
PHP message: PHP   1. {main}() /var/www/html/custom-schoollink-oslo-eftk-frontend/wordpress/wp-admin/setup-config.php:0
PHP message: PHP   2. require() /var/www/html/custom-schoollink-oslo-eftk-frontend/wordpress/wp-admin/setup-config.php:33
PHP message: PHP   3. require_wp_db() /var/www/html/custom-schoollink-oslo-eftk-frontend/wordpress/wp-settings.php:106
PHP message: PHP Warning:  Use of undefined constant DB_NAME - assumed 'DB_NAME' (this will throw an Error in a future version of PHP) in /var/www/html/custom-schoollink-oslo-eftk-frontend/wordpress/wp-includes/load.php on line 404
PHP message: PHP Stack trace:
PHP message: PHP   1. {main}() /var/www/html/custom-schoollink-oslo-eftk-frontend/wordpress/wp-admin/setup-config.php:0
PHP message: PHP   2. require() /var/www/html/custom-schoollink-oslo-eftk-frontend/wordpress/wp-admin/setup-config.php:33
PHP message: PHP   3. require_wp_db() /var/www/html/custom-schoollink-oslo-eftk-frontend/wordpress/wp-settings.php:106
PHP message: PHP Warning:  Use of undefined constant DB_HOST - assumed 'DB_HOST' (this will throw an 
2021/09/12 15:14:49 [error] 1900#1900: *636 FastCGI sent in stderr: "PHP message: PHP Warning:  Use of undefined constant DB_USER - assumed 'DB_USER' (this will throw an Error in a future version of PHP) in /var/www/html/custom-schoollink-oslo-eftk-frontend/wordpress/wp-includes/load.php on line 404
PHP message: PHP Stack trace:
PHP message: PHP   1. {main}() /var/www/html/custom-schoollink-oslo-eftk-frontend/wordpress/wp-admin/setup-config.php:0
PHP message: PHP   2. require() /var/www/html/custom-schoollink-oslo-eftk-frontend/wordpress/wp-admin/setup-config.php:33
PHP message: PHP   3. require_wp_db() /var/www/html/custom-schoollink-oslo-eftk-frontend/wordpress/wp-settings.php:106
PHP message: PHP Warning:  Use of undefined constant DB_PASSWORD - assumed 'DB_PASSWORD' (this will throw an Error in a future version of PHP) in /var/www/html/custom-schoollink-oslo-eftk-frontend/wordpress/wp-includes/load.php on line 404
PHP message: PHP Stack trace:
PHP message: PHP   1. {main}() /var/www/html/custom-schoollink-oslo-eftk-frontend/wordpress/wp-admin/setup-config.php:0
PHP message: PHP   2. require() /var/www/html/custom-schoollink-oslo-eftk-frontend/wordpress/wp-admin/setup-config.php:33
PHP message: PHP   3. require_wp_db() /var/www/html/custom-schoollink-oslo-eftk-frontend/wordpress/wp-settings.php:106
PHP message: PHP Warning:  Use of undefined constant DB_NAME - assumed 'DB_NAME' (this will throw an Error in a future version of PHP) in /var/www/html/custom-schoollink-oslo-eftk-frontend/wordpress/wp-includes/load.php on line 404
PHP message: PHP Stack trace:
PHP message: PHP   1. {main}() /var/www/html/custom-schoollink-oslo-eftk-frontend/wordpress/wp-admin/setup-config.php:0
PHP message: PHP   2. require() /var/www/html/custom-schoollink-oslo-eftk-frontend/wordpress/wp-admin/setup-config.php:33
PHP message: PHP   3. require_wp_db() /var/www/html/custom-schoollink-oslo-eftk-frontend/wordpress/wp-settings.php:106
PHP message: PHP Warning:  Use of undefined constant DB_HOST - assumed 'DB_HOST' (this will throw an 
2021/09/12 15:14:54 [error] 1900#1900: *636 FastCGI sent in stderr: "PHP message: PHP Warning:  Use of undefined constant DB_USER - assumed 'DB_USER' (this will throw an Error in a future version of PHP) in /var/www/html/custom-schoollink-oslo-eftk-frontend/wordpress/wp-includes/load.php on line 404
PHP message: PHP Stack trace:
PHP message: PHP   1. {main}() /var/www/html/custom-schoollink-oslo-eftk-frontend/wordpress/wp-admin/setup-config.php:0
PHP message: PHP   2. require() /var/www/html/custom-schoollink-oslo-eftk-frontend/wordpress/wp-admin/setup-config.php:33
PHP message: PHP   3. require_wp_db() /var/www/html/custom-schoollink-oslo-eftk-frontend/wordpress/wp-settings.php:106
PHP message: PHP Warning:  Use of undefined constant DB_PASSWORD - assumed 'DB_PASSWORD' (this will throw an Error in a future version of PHP) in /var/www/html/custom-schoollink-oslo-eftk-frontend/wordpress/wp-includes/load.php on line 404
PHP message: PHP Stack trace:
PHP message: PHP   1. {main}() /var/www/html/custom-schoollink-oslo-eftk-frontend/wordpress/wp-admin/setup-config.php:0
PHP message: PHP   2. require() /var/www/html/custom-schoollink-oslo-eftk-frontend/wordpress/wp-admin/setup-config.php:33
PHP message: PHP   3. require_wp_db() /var/www/html/custom-schoollink-oslo-eftk-frontend/wordpress/wp-settings.php:106
PHP message: PHP Warning:  Use of undefined constant DB_NAME - assumed 'DB_NAME' (this will throw an Error in a future version of PHP) in /var/www/html/custom-schoollink-oslo-eftk-frontend/wordpress/wp-includes/load.php on line 404
PHP message: PHP Stack trace:
PHP message: PHP   1. {main}() /var/www/html/custom-schoollink-oslo-eftk-frontend/wordpress/wp-admin/setup-config.php:0
PHP message: PHP   2. require() /var/www/html/custom-schoollink-oslo-eftk-frontend/wordpress/wp-admin/setup-config.php:33
PHP message: PHP   3. require_wp_db() /var/www/html/custom-schoollink-oslo-eftk-frontend/wordpress/wp-settings.php:106
PHP message: PHP Warning:  Use of undefined constant DB_HOST - assumed 'DB_HOST' (this will throw an 
2021/09/12 15:14:56 [error] 1900#1900: *636 FastCGI sent in stderr: "PHP message: PHP Warning:  Use of undefined constant DB_USER - assumed 'DB_USER' (this will throw an Error in a future version of PHP) in /var/www/html/custom-schoollink-oslo-eftk-frontend/wordpress/wp-includes/load.php on line 404
PHP message: PHP Stack trace:
PHP message: PHP   1. {main}() /var/www/html/custom-schoollink-oslo-eftk-frontend/wordpress/wp-admin/setup-config.php:0
PHP message: PHP   2. require() /var/www/html/custom-schoollink-oslo-eftk-frontend/wordpress/wp-admin/setup-config.php:33
PHP message: PHP   3. require_wp_db() /var/www/html/custom-schoollink-oslo-eftk-frontend/wordpress/wp-settings.php:106
PHP message: PHP Warning:  Use of undefined constant DB_PASSWORD - assumed 'DB_PASSWORD' (this will throw an Error in a future version of PHP) in /var/www/html/custom-schoollink-oslo-eftk-frontend/wordpress/wp-includes/load.php on line 404
PHP message: PHP Stack trace:
PHP message: PHP   1. {main}() /var/www/html/custom-schoollink-oslo-eftk-frontend/wordpress/wp-admin/setup-config.php:0
PHP message: PHP   2. require() /var/www/html/custom-schoollink-oslo-eftk-frontend/wordpress/wp-admin/setup-config.php:33
PHP message: PHP   3. require_wp_db() /var/www/html/custom-schoollink-oslo-eftk-frontend/wordpress/wp-settings.php:106
PHP message: PHP Warning:  Use of undefined constant DB_NAME - assumed 'DB_NAME' (this will throw an Error in a future version of PHP) in /var/www/html/custom-schoollink-oslo-eftk-frontend/wordpress/wp-includes/load.php on line 404
PHP message: PHP Stack trace:
PHP message: PHP   1. {main}() /var/www/html/custom-schoollink-oslo-eftk-frontend/wordpress/wp-admin/setup-config.php:0
PHP message: PHP   2. require() /var/www/html/custom-schoollink-oslo-eftk-frontend/wordpress/wp-admin/setup-config.php:33
PHP message: PHP   3. require_wp_db() /var/www/html/custom-schoollink-oslo-eftk-frontend/wordpress/wp-settings.php:106
PHP message: PHP Warning:  Use of undefined constant DB_HOST - assumed 'DB_HOST' (this will throw an 
2021/09/12 15:15:34 [error] 1900#1900: *636 FastCGI sent in stderr: "PHP message: PHP Warning:  Use of undefined constant DB_USER - assumed 'DB_USER' (this will throw an Error in a future version of PHP) in /var/www/html/custom-schoollink-oslo-eftk-frontend/wordpress/wp-includes/load.php on line 404
PHP message: PHP Stack trace:
PHP message: PHP   1. {main}() /var/www/html/custom-schoollink-oslo-eftk-frontend/wordpress/wp-admin/setup-config.php:0
PHP message: PHP   2. require() /var/www/html/custom-schoollink-oslo-eftk-frontend/wordpress/wp-admin/setup-config.php:33
PHP message: PHP   3. require_wp_db() /var/www/html/custom-schoollink-oslo-eftk-frontend/wordpress/wp-settings.php:106
PHP message: PHP Warning:  Use of undefined constant DB_PASSWORD - assumed 'DB_PASSWORD' (this will throw an Error in a future version of PHP) in /var/www/html/custom-schoollink-oslo-eftk-frontend/wordpress/wp-includes/load.php on line 404
PHP message: PHP Stack trace:
PHP message: PHP   1. {main}() /var/www/html/custom-schoollink-oslo-eftk-frontend/wordpress/wp-admin/setup-config.php:0
PHP message: PHP   2. require() /var/www/html/custom-schoollink-oslo-eftk-frontend/wordpress/wp-admin/setup-config.php:33
PHP message: PHP   3. require_wp_db() /var/www/html/custom-schoollink-oslo-eftk-frontend/wordpress/wp-settings.php:106
PHP message: PHP Warning:  Use of undefined constant DB_NAME - assumed 'DB_NAME' (this will throw an Error in a future version of PHP) in /var/www/html/custom-schoollink-oslo-eftk-frontend/wordpress/wp-includes/load.php on line 404
PHP message: PHP Stack trace:
PHP message: PHP   1. {main}() /var/www/html/custom-schoollink-oslo-eftk-frontend/wordpress/wp-admin/setup-config.php:0
PHP message: PHP   2. require() /var/www/html/custom-schoollink-oslo-eftk-frontend/wordpress/wp-admin/setup-config.php:33
PHP message: PHP   3. require_wp_db() /var/www/html/custom-schoollink-oslo-eftk-frontend/wordpress/wp-settings.php:106
PHP message: PHP Warning:  Use of undefined constant DB_HOST - assumed 'DB_HOST' (this will throw an 
2021/09/12 15:15:39 [error] 1900#1900: *636 FastCGI sent in stderr: "PHP message: PHP Warning:  Use of undefined constant DB_USER - assumed 'DB_USER' (this will throw an Error in a future version of PHP) in /var/www/html/custom-schoollink-oslo-eftk-frontend/wordpress/wp-includes/load.php on line 404
PHP message: PHP Stack trace:
PHP message: PHP   1. {main}() /var/www/html/custom-schoollink-oslo-eftk-frontend/wordpress/wp-admin/setup-config.php:0
PHP message: PHP   2. require() /var/www/html/custom-schoollink-oslo-eftk-frontend/wordpress/wp-admin/setup-config.php:33
PHP message: PHP   3. require_wp_db() /var/www/html/custom-schoollink-oslo-eftk-frontend/wordpress/wp-settings.php:106
PHP message: PHP Warning:  Use of undefined constant DB_PASSWORD - assumed 'DB_PASSWORD' (this will throw an Error in a future version of PHP) in /var/www/html/custom-schoollink-oslo-eftk-frontend/wordpress/wp-includes/load.php on line 404
PHP message: PHP Stack trace:
PHP message: PHP   1. {main}() /var/www/html/custom-schoollink-oslo-eftk-frontend/wordpress/wp-admin/setup-config.php:0
PHP message: PHP   2. require() /var/www/html/custom-schoollink-oslo-eftk-frontend/wordpress/wp-admin/setup-config.php:33
PHP message: PHP   3. require_wp_db() /var/www/html/custom-schoollink-oslo-eftk-frontend/wordpress/wp-settings.php:106
PHP message: PHP Warning:  Use of undefined constant DB_NAME - assumed 'DB_NAME' (this will throw an Error in a future version of PHP) in /var/www/html/custom-schoollink-oslo-eftk-frontend/wordpress/wp-includes/load.php on line 404
PHP message: PHP Stack trace:
PHP message: PHP   1. {main}() /var/www/html/custom-schoollink-oslo-eftk-frontend/wordpress/wp-admin/setup-config.php:0
PHP message: PHP   2. require() /var/www/html/custom-schoollink-oslo-eftk-frontend/wordpress/wp-admin/setup-config.php:33
PHP message: PHP   3. require_wp_db() /var/www/html/custom-schoollink-oslo-eftk-frontend/wordpress/wp-settings.php:106
PHP message: PHP Warning:  Use of undefined constant DB_HOST - assumed 'DB_HOST' (this will throw an 
