2021/08/10 06:49:46 [error] 559#559: *162 FastCGI sent in stderr: "PHP message: PHP Deprecated:  __autoload() is deprecated, use spl_autoload_register() instead in /var/www/html/wordpress-4.6/wp-includes/compat.php on line 502
PHP message: PHP Stack trace:
PHP message: PHP   1. {main}() /var/www/html/wordpress-4.6/wp-admin/plugins.php:0
PHP message: PHP   2. require_once() /var/www/html/wordpress-4.6/wp-admin/plugins.php:10
PHP message: PHP   3. require_once() /var/www/html/wordpress-4.6/wp-admin/admin.php:31
PHP message: PHP   4. require_once() /var/www/html/wordpress-4.6/wp-load.php:37
PHP message: PHP   5. require_once() /var/www/html/wordpress-4.6/wp-config.php:92
PHP message: PHP Deprecated:  Function create_function() is deprecated in /var/www/html/wordpress-4.6/wp-includes/pomo/translations.php on line 208
PHP message: PHP Stack trace:
PHP message: PHP   1. {main}() /var/www/html/wordpress-4.6/wp-admin/plugins.php:0
PHP message: PHP   2. require_once() /var/www/html/wordpress-4.6/wp-admin/plugins.php:10
PHP message: PHP   3. require_once() /var/www/html/wordpress-4.6/wp-admin/admin.php:31
PHP message: PHP   4. require_once() /var/www/html/wordpress-4.6/wp-load.php:37
PHP message: PHP   5. require_once() /var/www/html/wordpress-4.6/wp-config.php:92
PHP message: PHP   6. load_default_textdomain($locale = *uninitialized*) /var/www/html/wordpress-4.6/wp-settings.php:394
PHP message: PHP   7. load_textdomain($domain = 'default', $mofile = '/var/www/html/wordpress-4.6/wp-content/languages/nb_NO.mo') /var/www/html/wordpress-4.6/wp-includes/l10n.php:671
PHP message: PHP   8. MO->import_from_file($filename = '/var/www/html/wordpress-4.6/wp-content/languages/nb_NO.mo') /var/www/html/wordpress-4.6/wp-includes/l10n.php:586
PHP message: PHP   9. MO->import_from_reader($reader = class POMO_FileReader { public $endian = 'little'; public $_post = ''; public $is_overloaded = FALSE; public $_pos = 50896; public $_f = resource(130) of type (Unknown) }) /var/www/html/wordpress-4.6/wp-includes/pomo/mo.php:48
PHP message: PHP 
2021/08/10 06:49:48 [error] 559#559: *162 FastCGI sent in stderr: "PHP message: PHP Deprecated:  Function create_function() is deprecated in /var/www/html/wordpress-4.6/wp-includes/pomo/translations.php on line 208
PHP message: PHP Stack trace:
PHP message: PHP   1. {main}() /var/www/html/wordpress-4.6/wp-admin/plugins.php:0
PHP message: PHP   2. require_once() /var/www/html/wordpress-4.6/wp-admin/plugins.php:10
PHP message: PHP   3. require_once() /var/www/html/wordpress-4.6/wp-admin/admin.php:31
PHP message: PHP   4. require_once() /var/www/html/wordpress-4.6/wp-load.php:37
PHP message: PHP   5. require_once() /var/www/html/wordpress-4.6/wp-config.php:92
PHP message: PHP   6. load_default_textdomain($locale = *uninitialized*) /var/www/html/wordpress-4.6/wp-settings.php:394
PHP message: PHP   7. load_textdomain($domain = 'default', $mofile = '/var/www/html/wordpress-4.6/wp-content/languages/admin-nb_NO.mo') /var/www/html/wordpress-4.6/wp-includes/l10n.php:679
PHP message: PHP   8. MO->import_from_file($filename = '/var/www/html/wordpress-4.6/wp-content/languages/admin-nb_NO.mo') /var/www/html/wordpress-4.6/wp-includes/l10n.php:586
PHP message: PHP   9. MO->import_from_reader($reader = class POMO_FileReader { public $endian = 'little'; public $_post = ''; public $is_overloaded = FALSE; public $_pos = 51664; public $_f = resource(131) of type (Unknown) }) /var/www/html/wordpress-4.6/wp-includes/pomo/mo.php:48
PHP message: PHP  10. MO->set_headers($headers = ['PO-Revision-Date' => '2017-06-26 11:11:30+0000', 'MIME-Version' => '1.0', 'Content-Type' => 'text/plain; charset=UTF-8', 'Content-Transfer-Encoding' => '8bit', 'Plural-Forms' => 'nplurals=2; plural=n != 1;', 'X-Generator' => 'GlotPress/2.4.0-alpha', 'Language' => 'nb_NO', 'Project-Id-Version' => 'WordPress - 4.8.x - Administration']) /var/www/html/wordpress-4.6/wp-includes/pomo/mo.php:269
PHP message: PHP  11. MO->set_header($header = 'Plural-Forms', $value = 'nplurals=2; plural=n != 1;') /var/www/html/wordpress-4.6/wp-includes/pomo/translations.php:69
PHP m
2021/08/10 06:49:48 [error] 559#559: *162 FastCGI sent in stderr: "PHP message: PHP Deprecated:  Function create_function() is deprecated in /var/www/html/wordpress-4.6/wp-includes/pomo/translations.php on line 208
PHP message: PHP Stack trace:
PHP message: PHP   1. {main}() /var/www/html/wordpress-4.6/wp-admin/plugins.php:0
PHP message: PHP   2. require_once() /var/www/html/wordpress-4.6/wp-admin/plugins.php:10
PHP message: PHP   3. require_once() /var/www/html/wordpress-4.6/wp-admin/admin.php:31
PHP message: PHP   4. require_once() /var/www/html/wordpress-4.6/wp-load.php:37
PHP message: PHP   5. require_once() /var/www/html/wordpress-4.6/wp-config.php:92
PHP message: PHP   6. do_action($tag = 'after_setup_theme', $arg = *uninitialized*) /var/www/html/wordpress-4.6/wp-settings.php:432
PHP message: PHP   7. WP_Hook->do_action($args = [0 => '']) /var/www/html/wordpress-4.6/wp-includes/plugin.php:453
PHP message: PHP   8. WP_Hook->apply_filters($value = '', $args = [0 => '']) /var/www/html/wordpress-4.6/wp-includes/class-wp-hook.php:323
PHP message: PHP   9. twentysixteen_setup('') /var/www/html/wordpress-4.6/wp-includes/class-wp-hook.php:298
PHP message: PHP  10. load_theme_textdomain($domain = 'twentysixteen', $path = *uninitialized*) /var/www/html/wordpress-4.6/wp-content/themes/twentysixteen/functions.php:54
PHP message: PHP  11. load_textdomain($domain = 'twentysixteen', $mofile = '/var/www/html/wordpress-4.6/wp-content/languages/themes/twentysixteen-nb_NO.mo') /var/www/html/wordpress-4.6/wp-includes/l10n.php:791
PHP message: PHP  12. MO->import_from_file($filename = '/var/www/html/wordpress-4.6/wp-content/languages/themes/twentysixteen-nb_NO.mo') /var/www/html/wordpress-4.6/wp-includes/l10n.php:586
PHP message: PHP  13. MO->import_from_reader($reader = class POMO_FileReader { public $endian = 'little'; public $_post = ''; public $is_overloaded = FALSE; public $_pos = 1552; public $_f = resource(132) of type (Unknown) }) /var/www/html/wordpress-4.6/wp-includes/pomo/mo.php:48
PHP message: PHP  14. MO->set_head
2021/08/10 06:49:48 [error] 559#559: *162 FastCGI sent in stderr: "PHP message: PHP Warning:  Cannot modify header information - headers already sent by (output started at /var/www/html/wordpress-4.6/wp-includes/pomo/translations.php:208) in /var/www/html/wordpress-4.6/wp-includes/pluggable.php on line 1210
PHP message: PHP Stack trace:
PHP message: PHP   1. {main}() /var/www/html/wordpress-4.6/wp-admin/plugins.php:0
PHP message: PHP   2. require_once() /var/www/html/wordpress-4.6/wp-admin/plugins.php:10
PHP message: PHP   3. wp_redirect($location = 'http://wp.schoollink.local/wp-admin/upgrade.php?_wp_http_referer=%2Fwp-admin%2Fplugins.php', $status = *uninitialized*) /var/www/html/wordpress-4.6/wp-admin/admin.php:47
PHP message: PHP   4. header($header = 'Location: http://wp.schoollink.local/wp-admin/upgrade.php?_wp_http_referer=%2Fwp-admin%2Fplugins.php', $replace = TRUE, $http_response_code = 302) /var/www/html/wordpress-4.6/wp-includes/pluggable.php:1210" while reading upstream, client: 172.19.0.1, server: wp.schoollink.local, request: "GET /wp-admin/plugins.php HTTP/1.1", upstream: "fastcgi://unix:/var/run/php/php7.2-fpm.sock:", host: "wp.schoollink.local"
2021/08/10 06:49:53 [error] 559#559: *162 FastCGI sent in stderr: "PHP message: PHP Deprecated:  Function create_function() is deprecated in /var/www/html/wordpress-4.6/wp-includes/pomo/translations.php on line 208
PHP message: PHP Stack trace:
PHP message: PHP   1. {main}() /var/www/html/wordpress-4.6/index.php:0
PHP message: PHP   2. require() /var/www/html/wordpress-4.6/index.php:17
PHP message: PHP   3. require_once() /var/www/html/wordpress-4.6/wp-blog-header.php:13
PHP message: PHP   4. require_once() /var/www/html/wordpress-4.6/wp-load.php:37
PHP message: PHP   5. require_once() /var/www/html/wordpress-4.6/wp-config.php:92
PHP message: PHP   6. load_default_textdomain($locale = *uninitialized*) /var/www/html/wordpress-4.6/wp-settings.php:394
PHP message: PHP   7. load_textdomain($domain = 'default', $mofile = '/var/www/html/wordpress-4.6/wp-content/languages/nb_NO.mo') /var/www/html/wordpress-4.6/wp-includes/l10n.php:671
PHP message: PHP   8. MO->import_from_file($filename = '/var/www/html/wordpress-4.6/wp-content/languages/nb_NO.mo') /var/www/html/wordpress-4.6/wp-includes/l10n.php:586
PHP message: PHP   9. MO->import_from_reader($reader = class POMO_FileReader { public $endian = 'little'; public $_post = ''; public $is_overloaded = FALSE; public $_pos = 50896; public $_f = resource(3) of type (Unknown) }) /var/www/html/wordpress-4.6/wp-includes/pomo/mo.php:48
PHP message: PHP  10. MO->set_headers($headers = ['PO-Revision-Date' => '2017-08-02 21:02:39+0000', 'MIME-Version' => '1.0', 'Content-Type' => 'text/plain; charset=UTF-8', 'Content-Transfer-Encoding' => '8bit', 'Plural-Forms' => 'nplurals=2; plural=n != 1;', 'X-Generator' => 'GlotPress/2.4.0-alpha', 'Language' => 'nb_NO', 'Project-Id-Version' => 'WordPress - 4.8.x']) /var/www/html/wordpress-4.6/wp-includes/pomo/mo.php:269
PHP message: PHP  11. MO->set_header($header = 'Plural-Forms', $value = 'nplurals=2; plural=n != 1;') /var/www/html/wordpress-4.6/wp-includes/pomo/translations.php:69
PHP message: PHP  12. MO->make_plural_form_function($nplurals =
2021/08/10 06:49:55 [error] 560#560: *174 FastCGI sent in stderr: "PHP message: PHP Deprecated:  Function create_function() is deprecated in /var/www/html/wordpress-4.6/wp-includes/pomo/translations.php on line 208
PHP message: PHP Stack trace:
PHP message: PHP   1. {main}() /var/www/html/wordpress-4.6/index.php:0
PHP message: PHP   2. require() /var/www/html/wordpress-4.6/index.php:17
PHP message: PHP   3. require_once() /var/www/html/wordpress-4.6/wp-blog-header.php:13
PHP message: PHP   4. require_once() /var/www/html/wordpress-4.6/wp-load.php:37
PHP message: PHP   5. require_once() /var/www/html/wordpress-4.6/wp-config.php:92
PHP message: PHP   6. load_default_textdomain($locale = *uninitialized*) /var/www/html/wordpress-4.6/wp-settings.php:394
PHP message: PHP   7. load_textdomain($domain = 'default', $mofile = '/var/www/html/wordpress-4.6/wp-content/languages/nb_NO.mo') /var/www/html/wordpress-4.6/wp-includes/l10n.php:671
PHP message: PHP   8. MO->import_from_file($filename = '/var/www/html/wordpress-4.6/wp-content/languages/nb_NO.mo') /var/www/html/wordpress-4.6/wp-includes/l10n.php:586
PHP message: PHP   9. MO->import_from_reader($reader = class POMO_FileReader { public $endian = 'little'; public $_post = ''; public $is_overloaded = FALSE; public $_pos = 50896; public $_f = resource(3) of type (Unknown) }) /var/www/html/wordpress-4.6/wp-includes/pomo/mo.php:48
PHP message: PHP  10. MO->set_headers($headers = ['PO-Revision-Date' => '2017-08-02 21:02:39+0000', 'MIME-Version' => '1.0', 'Content-Type' => 'text/plain; charset=UTF-8', 'Content-Transfer-Encoding' => '8bit', 'Plural-Forms' => 'nplurals=2; plural=n != 1;', 'X-Generator' => 'GlotPress/2.4.0-alpha', 'Language' => 'nb_NO', 'Project-Id-Version' => 'WordPress - 4.8.x']) /var/www/html/wordpress-4.6/wp-includes/pomo/mo.php:269
PHP message: PHP  11. MO->set_header($header = 'Plural-Forms', $value = 'nplurals=2; plural=n != 1;') /var/www/html/wordpress-4.6/wp-includes/pomo/translations.php:69
PHP message: PHP  12. MO->make_plural_form_function($nplurals =
2021/08/10 06:49:55 [error] 560#560: *174 FastCGI sent in stderr: "PHP message: PHP Deprecated:  Function create_function() is deprecated in /var/www/html/wordpress-4.6/wp-includes/pomo/translati" while reading upstream, client: 172.19.0.1, server: wp.schoollink.local, request: "GET / HTTP/1.1", upstream: "fastcgi://unix:/var/run/php/php7.2-fpm.sock:", host: "wp.schoollink.local"
2021/08/10 06:49:55 [error] 560#560: *174 FastCGI sent in stderr: "ons.php on line 208
PHP message: PHP Stack trace:
PHP message: PHP   1. {main}() /var/www/html/wordpress-4.6/index.php:0
PHP message: PHP   2. require() /var/www/html/wordpress-4.6/index.php:17
PHP message: PHP   3. require_once() /var/www/html/wordpress-4.6/wp-blog-header.php:13
PHP message: PHP   4. require_once() /var/www/html/wordpress-4.6/wp-load.php:37
PHP message: PHP   5. require_once() /var/www/html/wordpress-4.6/wp-config.php:92
PHP message: PHP   6. do_action($tag = 'after_setup_theme', $arg = *uninitialized*) /var/www/html/wordpress-4.6/wp-settings.php:432
PHP message: PHP   7. WP_Hook->do_action($args = [0 => '']) /var/www/html/wordpress-4.6/wp-includes/plugin.php:453
PHP message: PHP   8. WP_Hook->apply_filters($value = '', $args = [0 => '']) /var/www/html/wordpress-4.6/wp-includes/class-wp-hook.php:323
PHP message: PHP   9. twentysixteen_setup('') /var/www/html/wordpress-4.6/wp-includes/class-wp-hook.php:298
PHP message: PHP  10. load_theme_textdomain($domain = 'twentysixteen', $path = *uninitialized*) /var/www/html/wordpress-4.6/wp-content/themes/twentysixteen/functions.php:54
PHP message: PHP  11. load_textdomain($domain = 'twentysixteen', $mofile = '/var/www/html/wordpress-4.6/wp-content/languages/themes/twentysixteen-nb_NO.mo') /var/www/html/wordpress-4.6/wp-includes/l10n.php:791
PHP message: PHP  12. MO->import_from_file($filename = '/var/www/html/wordpress-4.6/wp-content/languages/themes/twentysixteen-nb_NO.mo') /var/www/html/wordpress-4.6/wp-includes/l10n.php:586
PHP message: PHP  13. MO->import_from_reader($reader = class POMO_FileReader { public $endian = 'little'; public $_post = ''; public $is_overloaded = FALSE; public $_pos = 1552; public $_f = resource(4) of type (Unknown) }) /var/www/html/wordpress-4.6/wp-includes/pomo/mo.php:48
PHP message: PHP  14. MO->set_headers($headers = ['PO-Revision-Date' => '2016-08-15 13:54:30+0000', 'MIME-Version' => '1.0', 'Content-Type' => 'text/plain; charset=UTF-8', 'Content-Transfer-E
2021/08/10 06:49:57 [error] 560#560: *179 FastCGI sent in stderr: "PHP message: PHP Deprecated:  Function create_function() is deprecated in /var/www/html/wordpress-4.6/wp-includes/pomo/translations.php on line 208
PHP message: PHP Stack trace:
PHP message: PHP   1. {main}() /var/www/html/wordpress-4.6/index.php:0
PHP message: PHP   2. require() /var/www/html/wordpress-4.6/index.php:17
PHP message: PHP   3. require_once() /var/www/html/wordpress-4.6/wp-blog-header.php:13
PHP message: PHP   4. require_once() /var/www/html/wordpress-4.6/wp-load.php:37
PHP message: PHP   5. require_once() /var/www/html/wordpress-4.6/wp-config.php:92
PHP message: PHP   6. load_default_textdomain($locale = *uninitialized*) /var/www/html/wordpress-4.6/wp-settings.php:394
PHP message: PHP   7. load_textdomain($domain = 'default', $mofile = '/var/www/html/wordpress-4.6/wp-content/languages/nb_NO.mo') /var/www/html/wordpress-4.6/wp-includes/l10n.php:671
PHP message: PHP   8. MO->import_from_file($filename = '/var/www/html/wordpress-4.6/wp-content/languages/nb_NO.mo') /var/www/html/wordpress-4.6/wp-includes/l10n.php:586
PHP message: PHP   9. MO->import_from_reader($reader = class POMO_FileReader { public $endian = 'little'; public $_post = ''; public $is_overloaded = FALSE; public $_pos = 50896; public $_f = resource(3) of type (Unknown) }) /var/www/html/wordpress-4.6/wp-includes/pomo/mo.php:48
PHP message: PHP  10. MO->set_headers($headers = ['PO-Revision-Date' => '2017-08-02 21:02:39+0000', 'MIME-Version' => '1.0', 'Content-Type' => 'text/plain; charset=UTF-8', 'Content-Transfer-Encoding' => '8bit', 'Plural-Forms' => 'nplurals=2; plural=n != 1;', 'X-Generator' => 'GlotPress/2.4.0-alpha', 'Language' => 'nb_NO', 'Project-Id-Version' => 'WordPress - 4.8.x']) /var/www/html/wordpress-4.6/wp-includes/pomo/mo.php:269
PHP message: PHP  11. MO->set_header($header = 'Plural-Forms', $value = 'nplurals=2; plural=n != 1;') /var/www/html/wordpress-4.6/wp-includes/pomo/translations.php:69
PHP message: PHP  12. MO->make_plural_form_function($nplurals =
2021/08/10 06:49:58 [error] 560#560: *179 FastCGI sent in stderr: "PHP message: PHP Deprecated:  Function create_function() is deprecated in /var/www/html/wordpress-4.6/wp-includes/pomo/translati" while reading upstream, client: 172.19.0.1, server: wp.schoollink.local, request: "GET / HTTP/1.1", upstream: "fastcgi://unix:/var/run/php/php7.2-fpm.sock:", host: "wp.schoollink.local"
2021/08/10 06:49:58 [error] 560#560: *179 FastCGI sent in stderr: "ons.php on line 208
PHP message: PHP Stack trace:
PHP message: PHP   1. {main}() /var/www/html/wordpress-4.6/index.php:0
PHP message: PHP   2. require() /var/www/html/wordpress-4.6/index.php:17
PHP message: PHP   3. require_once() /var/www/html/wordpress-4.6/wp-blog-header.php:13
PHP message: PHP   4. require_once() /var/www/html/wordpress-4.6/wp-load.php:37
PHP message: PHP   5. require_once() /var/www/html/wordpress-4.6/wp-config.php:92
PHP message: PHP   6. do_action($tag = 'after_setup_theme', $arg = *uninitialized*) /var/www/html/wordpress-4.6/wp-settings.php:432
PHP message: PHP   7. WP_Hook->do_action($args = [0 => '']) /var/www/html/wordpress-4.6/wp-includes/plugin.php:453
PHP message: PHP   8. WP_Hook->apply_filters($value = '', $args = [0 => '']) /var/www/html/wordpress-4.6/wp-includes/class-wp-hook.php:323
PHP message: PHP   9. twentysixteen_setup('') /var/www/html/wordpress-4.6/wp-includes/class-wp-hook.php:298
PHP message: PHP  10. load_theme_textdomain($domain = 'twentysixteen', $path = *uninitialized*) /var/www/html/wordpress-4.6/wp-content/themes/twentysixteen/functions.php:54
PHP message: PHP  11. load_textdomain($domain = 'twentysixteen', $mofile = '/var/www/html/wordpress-4.6/wp-content/languages/themes/twentysixteen-nb_NO.mo') /var/www/html/wordpress-4.6/wp-includes/l10n.php:791
PHP message: PHP  12. MO->import_from_file($filename = '/var/www/html/wordpress-4.6/wp-content/languages/themes/twentysixteen-nb_NO.mo') /var/www/html/wordpress-4.6/wp-includes/l10n.php:586
PHP message: PHP  13. MO->import_from_reader($reader = class POMO_FileReader { public $endian = 'little'; public $_post = ''; public $is_overloaded = FALSE; public $_pos = 1552; public $_f = resource(4) of type (Unknown) }) /var/www/html/wordpress-4.6/wp-includes/pomo/mo.php:48
PHP message: PHP  14. MO->set_headers($headers = ['PO-Revision-Date' => '2016-08-15 13:54:30+0000', 'MIME-Version' => '1.0', 'Content-Type' => 'text/plain; charset=UTF-8', 'Content-Transfer-E
2021/08/10 06:57:25 [error] 560#560: *234 FastCGI sent in stderr: "PHP message: PHP Warning:  count(): Parameter must be an array or an object that implements Countable in /var/www/html/wordpress-4.6/wp-admin/includes/template.php on line 1447
PHP message: PHP Stack trace:
PHP message: PHP   1. {main}() /var/www/html/wordpress-4.6/wp-admin/options-general.php:0
PHP message: PHP   2. include() /var/www/html/wordpress-4.6/wp-admin/options-general.php:49
PHP message: PHP   3. require() /var/www/html/wordpress-4.6/wp-admin/admin-header.php:266
PHP message: PHP   4. settings_errors($setting = *uninitialized*, $sanitize = *uninitialized*, $hide_on_update = *uninitialized*) /var/www/html/wordpress-4.6/wp-admin/options-head.php:18
PHP message: PHP   5. get_settings_errors($setting = '', $sanitize = FALSE) /var/www/html/wordpress-4.6/wp-admin/includes/template.php:1495" while reading upstream, client: 172.19.0.1, server: wp.schoollink.local, request: "GET /wp-admin/options-general.php HTTP/1.1", upstream: "fastcgi://unix:/var/run/php/php7.2-fpm.sock:", host: "wp.schoollink.local", referrer: "http://wp.schoollink.local/wp-admin/edit.php"
2021/08/10 06:57:37 [error] 560#560: *234 FastCGI sent in stderr: "PHP message: PHP Warning:  count(): Parameter must be an array or an object that implements Countable in /var/www/html/wordpress-4.6/wp-admin/includes/template.php on line 1447
PHP message: PHP Stack trace:
PHP message: PHP   1. {main}() /var/www/html/wordpress-4.6/wp-admin/options.php:0
PHP message: PHP   2. get_settings_errors($setting = *uninitialized*, $sanitize = *uninitialized*) /var/www/html/wordpress-4.6/wp-admin/options.php:239" while reading response header from upstream, client: 172.19.0.1, server: wp.schoollink.local, request: "POST /wp-admin/options.php HTTP/1.1", upstream: "fastcgi://unix:/var/run/php/php7.2-fpm.sock:", host: "wp.schoollink.local", referrer: "http://wp.schoollink.local/wp-admin/options-general.php"
